<?xml version="1.0" encoding="UTF-8"?>
<testsuite xmlns:xsi="http://www.w3.org/2001/XMLSchema-instance" xsi:noNamespaceSchemaLocation="https://maven.apache.org/surefire/maven-surefire-plugin/xsd/surefire-test-report-3.0.xsd" version="3.0" name="com.hampcode.restaurant_reservation.restaurantbereapi.RestaurantBereApiApplicationTests" time="10.931" tests="1" errors="0" skipped="0" failures="0">
  <properties>
[...]
</properties>
  <testcase name="contextLoads" classname="com.hampcode.restaurant_reservation.restaurantbereapi.RestaurantBereApiApplicationTests" time="0.931">
    <system-out><![CDATA[22:27:36.240 [main] INFO org.springframework.test.context.support.AnnotationConfigContextLoaderUtils -- Could not detect default configuration classes for test class [com.hampcode.restaurant_reservation.restaurantbereapi.RestaurantBereApiApplicationTests]: RestaurantBereApiApplicationTests does not declare any static, non-private, non-final, nested classes annotated with @Configuration.
22:27:36.461 [main] INFO org.springframework.boot.test.context.SpringBootTestContextBootstrapper -- Found @SpringBootConfiguration com.hampcode.restaurant_reservation.restaurantbereapi.RestaurantBereApiApplication for test class com.hampcode.restaurant_reservation.restaurantbereapi.RestaurantBereApiApplicationTests
22:27:36.758 [main] INFO org.springframework.boot.devtools.restart.RestartApplicationListener -- Restart disabled due to context in which it is running

  .   ____          _            __ _ _
 /\\ / ___'_ __ _ _(_)_ __  __ _ \ \ \ \
( ( )\___ | '_ | '_| | '_ \/ _` | \ \ \ \
 \\/  ___)| |_)| | | | | || (_| |  ) ) ) )
  '  |____| .__|_| |_|_| |_\__, | / / / /
 =========|_|==============|___/=/_/_/_/

 :: Spring Boot ::                (v3.3.4)

2024-09-29T22:27:37.229-05:00  INFO 16844 --- [RestaurantBere-api] [           main] .h.r.r.RestaurantBereApiApplicationTests : Starting RestaurantBereApiApplicationTests using Java 21.0.4 with PID 16844 (started by JAVIER in D:\Descargas\Documents\6 ciclo\Inso 2\DoñaBere\RestaurantBere-api)
2024-09-29T22:27:37.232-05:00  INFO 16844 --- [RestaurantBere-api] [           main] .h.r.r.RestaurantBereApiApplicationTests : No active profile set, falling back to 1 default profile: "default"
2024-09-29T22:27:38.661-05:00  INFO 16844 --- [RestaurantBere-api] [           main] .s.d.r.c.RepositoryConfigurationDelegate : Bootstrapping Spring Data JPA repositories in DEFAULT mode.
2024-09-29T22:27:38.822-05:00  INFO 16844 --- [RestaurantBere-api] [           main] .s.d.r.c.RepositoryConfigurationDelegate : Finished Spring Data repository scanning in 147 ms. Found 6 JPA repository interfaces.
2024-09-29T22:27:39.670-05:00  INFO 16844 --- [RestaurantBere-api] [           main] o.hibernate.jpa.internal.util.LogHelper  : HHH000204: Processing PersistenceUnitInfo [name: default]
2024-09-29T22:27:39.774-05:00  INFO 16844 --- [RestaurantBere-api] [           main] org.hibernate.Version                    : HHH000412: Hibernate ORM core version 6.5.3.Final
2024-09-29T22:27:39.831-05:00  INFO 16844 --- [RestaurantBere-api] [           main] o.h.c.internal.RegionFactoryInitiator    : HHH000026: Second-level cache disabled
2024-09-29T22:27:40.408-05:00  INFO 16844 --- [RestaurantBere-api] [           main] o.s.o.j.p.SpringPersistenceUnitInfo      : No LoadTimeWeaver setup: ignoring JPA class transformer
2024-09-29T22:27:40.469-05:00  INFO 16844 --- [RestaurantBere-api] [           main] com.zaxxer.hikari.HikariDataSource       : HikariPool-1 - Starting...
2024-09-29T22:27:40.840-05:00  INFO 16844 --- [RestaurantBere-api] [           main] com.zaxxer.hikari.pool.HikariPool        : HikariPool-1 - Added connection org.postgresql.jdbc.PgConnection@3e8b8f0
2024-09-29T22:27:40.842-05:00  INFO 16844 --- [RestaurantBere-api] [           main] com.zaxxer.hikari.HikariDataSource       : HikariPool-1 - Start completed.
2024-09-29T22:27:40.897-05:00  WARN 16844 --- [RestaurantBere-api] [           main] org.hibernate.orm.deprecation            : HHH90000025: PostgreSQLDialect does not need to be specified explicitly using 'hibernate.dialect' (remove the property setting and it will be selected by default)
2024-09-29T22:27:42.562-05:00  INFO 16844 --- [RestaurantBere-api] [           main] o.h.e.t.j.p.i.JtaPlatformInitiator       : HHH000489: No JTA platform available (set 'hibernate.transaction.jta.platform' to enable JTA platform integration)
2024-09-29T22:27:42.716-05:00  INFO 16844 --- [RestaurantBere-api] [           main] j.LocalContainerEntityManagerFactoryBean : Initialized JPA EntityManagerFactory for persistence unit 'default'
2024-09-29T22:27:43.574-05:00  INFO 16844 --- [RestaurantBere-api] [           main] o.s.d.j.r.query.QueryEnhancerFactory     : Hibernate is in classpath; If applicable, HQL parser will be used.
2024-09-29T22:27:45.098-05:00  WARN 16844 --- [RestaurantBere-api] [           main] JpaBaseConfiguration$JpaWebConfiguration : spring.jpa.open-in-view is enabled by default. Therefore, database queries may be performed during view rendering. Explicitly configure spring.jpa.open-in-view to disable this warning
2024-09-29T22:27:45.871-05:00  INFO 16844 --- [RestaurantBere-api] [           main] .h.r.r.RestaurantBereApiApplicationTests : Started RestaurantBereApiApplicationTests in 9.136 seconds (process running for 10.94)
Ejecutando la tarea programada para liberar mesas...
Hibernate: select r1_0.res_id_in,r1_0.res_cre_dt,r1_0.customer_cus_id_in,r1_0.res_date_dt,r1_0.res_end_time_tm,r1_0.res_ges_num_in,r1_0.res_tok_vc,r1_0.res_sta_pay_bo,r1_0.res_price_tot_do,r1_0.res_start_time_tm from reservation r1_0 where r1_0.res_cre_dt between ? and ?
Hibernate: select c1_0.cus_id_in,c1_0.cus_add_vc,c1_0.cus_dni_vc,c1_0.cus_mail_vc,c1_0.cus_name,c1_0.cus_pas_vc,c1_0.cus_pho_in,c1_0.cus_regis_date_dt from customer c1_0 where c1_0.cus_id_in=?
Hibernate: select c1_0.cus_id_in,c1_0.cus_add_vc,c1_0.cus_dni_vc,c1_0.cus_mail_vc,c1_0.cus_name,c1_0.cus_pas_vc,c1_0.cus_pho_in,c1_0.cus_regis_date_dt from customer c1_0 where c1_0.cus_id_in=?
Hibernate: select c1_0.cus_id_in,c1_0.cus_add_vc,c1_0.cus_dni_vc,c1_0.cus_mail_vc,c1_0.cus_name,c1_0.cus_pas_vc,c1_0.cus_pho_in,c1_0.cus_regis_date_dt from customer c1_0 where c1_0.cus_id_in=?
Hibernate: select c1_0.cus_id_in,c1_0.cus_add_vc,c1_0.cus_dni_vc,c1_0.cus_mail_vc,c1_0.cus_name,c1_0.cus_pas_vc,c1_0.cus_pho_in,c1_0.cus_regis_date_dt from customer c1_0 where c1_0.cus_id_in=?
Hibernate: select c1_0.cus_id_in,c1_0.cus_add_vc,c1_0.cus_dni_vc,c1_0.cus_mail_vc,c1_0.cus_name,c1_0.cus_pas_vc,c1_0.cus_pho_in,c1_0.cus_regis_date_dt from customer c1_0 where c1_0.cus_id_in=?
Hibernate: select c1_0.cus_id_in,c1_0.cus_add_vc,c1_0.cus_dni_vc,c1_0.cus_mail_vc,c1_0.cus_name,c1_0.cus_pas_vc,c1_0.cus_pho_in,c1_0.cus_regis_date_dt from customer c1_0 where c1_0.cus_id_in=?
Hibernate: select c1_0.cus_id_in,c1_0.cus_add_vc,c1_0.cus_dni_vc,c1_0.cus_mail_vc,c1_0.cus_name,c1_0.cus_pas_vc,c1_0.cus_pho_in,c1_0.cus_regis_date_dt from customer c1_0 where c1_0.cus_id_in=?
Hibernate: select c1_0.cus_id_in,c1_0.cus_add_vc,c1_0.cus_dni_vc,c1_0.cus_mail_vc,c1_0.cus_name,c1_0.cus_pas_vc,c1_0.cus_pho_in,c1_0.cus_regis_date_dt from customer c1_0 where c1_0.cus_id_in=?
Hibernate: select c1_0.cus_id_in,c1_0.cus_add_vc,c1_0.cus_dni_vc,c1_0.cus_mail_vc,c1_0.cus_name,c1_0.cus_pas_vc,c1_0.cus_pho_in,c1_0.cus_regis_date_dt from customer c1_0 where c1_0.cus_id_in=?
Hibernate: select c1_0.cus_id_in,c1_0.cus_add_vc,c1_0.cus_dni_vc,c1_0.cus_mail_vc,c1_0.cus_name,c1_0.cus_pas_vc,c1_0.cus_pho_in,c1_0.cus_regis_date_dt from customer c1_0 where c1_0.cus_id_in=?
Hibernate: select c1_0.cus_id_in,c1_0.cus_add_vc,c1_0.cus_dni_vc,c1_0.cus_mail_vc,c1_0.cus_name,c1_0.cus_pas_vc,c1_0.cus_pho_in,c1_0.cus_regis_date_dt from customer c1_0 where c1_0.cus_id_in=?
Hibernate: select c1_0.cus_id_in,c1_0.cus_add_vc,c1_0.cus_dni_vc,c1_0.cus_mail_vc,c1_0.cus_name,c1_0.cus_pas_vc,c1_0.cus_pho_in,c1_0.cus_regis_date_dt from customer c1_0 where c1_0.cus_id_in=?
Hibernate: select rt1_0.res_id_in,rt1_0.tab_id_in,rt2_0.tab_id_in,rt2_0.tab_cap_in,rt2_0.tab_pri_do,rt2_0.tab_status_in from reservation_table rt1_0 left join res_table rt2_0 on rt2_0.tab_id_in=rt1_0.tab_id_in where rt1_0.res_id_in=?
Hibernate: select od1_0.res_id_in,od1_0.dis_id_in,d1_0.dis_id_in,d1_0.dis_des_vc,d1_0.dis_pri_do,d1_0.dis_tit_vc,od1_0.res_can_in from order_reservation od1_0 left join dish d1_0 on d1_0.dis_id_in=od1_0.dis_id_in where od1_0.res_id_in=?
Hibernate: select rt1_0.res_id_in,rt1_0.tab_id_in,rt2_0.tab_id_in,rt2_0.tab_cap_in,rt2_0.tab_pri_do,rt2_0.tab_status_in from reservation_table rt1_0 left join res_table rt2_0 on rt2_0.tab_id_in=rt1_0.tab_id_in where rt1_0.res_id_in=?
Hibernate: select od1_0.res_id_in,od1_0.dis_id_in,d1_0.dis_id_in,d1_0.dis_des_vc,d1_0.dis_pri_do,d1_0.dis_tit_vc,od1_0.res_can_in from order_reservation od1_0 left join dish d1_0 on d1_0.dis_id_in=od1_0.dis_id_in where od1_0.res_id_in=?
Hibernate: select rt1_0.res_id_in,rt1_0.tab_id_in,rt2_0.tab_id_in,rt2_0.tab_cap_in,rt2_0.tab_pri_do,rt2_0.tab_status_in from reservation_table rt1_0 left join res_table rt2_0 on rt2_0.tab_id_in=rt1_0.tab_id_in where rt1_0.res_id_in=?
Hibernate: select od1_0.res_id_in,od1_0.dis_id_in,d1_0.dis_id_in,d1_0.dis_des_vc,d1_0.dis_pri_do,d1_0.dis_tit_vc,od1_0.res_can_in from order_reservation od1_0 left join dish d1_0 on d1_0.dis_id_in=od1_0.dis_id_in where od1_0.res_id_in=?
Hibernate: select rt1_0.res_id_in,rt1_0.tab_id_in,rt2_0.tab_id_in,rt2_0.tab_cap_in,rt2_0.tab_pri_do,rt2_0.tab_status_in from reservation_table rt1_0 left join res_table rt2_0 on rt2_0.tab_id_in=rt1_0.tab_id_in where rt1_0.res_id_in=?
Hibernate: select od1_0.res_id_in,od1_0.dis_id_in,d1_0.dis_id_in,d1_0.dis_des_vc,d1_0.dis_pri_do,d1_0.dis_tit_vc,od1_0.res_can_in from order_reservation od1_0 left join dish d1_0 on d1_0.dis_id_in=od1_0.dis_id_in where od1_0.res_id_in=?
Hibernate: select rt1_0.res_id_in,rt1_0.tab_id_in,rt2_0.tab_id_in,rt2_0.tab_cap_in,rt2_0.tab_pri_do,rt2_0.tab_status_in from reservation_table rt1_0 left join res_table rt2_0 on rt2_0.tab_id_in=rt1_0.tab_id_in where rt1_0.res_id_in=?
Hibernate: select od1_0.res_id_in,od1_0.dis_id_in,d1_0.dis_id_in,d1_0.dis_des_vc,d1_0.dis_pri_do,d1_0.dis_tit_vc,od1_0.res_can_in from order_reservation od1_0 left join dish d1_0 on d1_0.dis_id_in=od1_0.dis_id_in where od1_0.res_id_in=?
Hibernate: select rt1_0.res_id_in,rt1_0.tab_id_in,rt2_0.tab_id_in,rt2_0.tab_cap_in,rt2_0.tab_pri_do,rt2_0.tab_status_in from reservation_table rt1_0 left join res_table rt2_0 on rt2_0.tab_id_in=rt1_0.tab_id_in where rt1_0.res_id_in=?
Hibernate: select od1_0.res_id_in,od1_0.dis_id_in,d1_0.dis_id_in,d1_0.dis_des_vc,d1_0.dis_pri_do,d1_0.dis_tit_vc,od1_0.res_can_in from order_reservation od1_0 left join dish d1_0 on d1_0.dis_id_in=od1_0.dis_id_in where od1_0.res_id_in=?
Hibernate: select rt1_0.res_id_in,rt1_0.tab_id_in,rt2_0.tab_id_in,rt2_0.tab_cap_in,rt2_0.tab_pri_do,rt2_0.tab_status_in from reservation_table rt1_0 left join res_table rt2_0 on rt2_0.tab_id_in=rt1_0.tab_id_in where rt1_0.res_id_in=?
Hibernate: select od1_0.res_id_in,od1_0.dis_id_in,d1_0.dis_id_in,d1_0.dis_des_vc,d1_0.dis_pri_do,d1_0.dis_tit_vc,od1_0.res_can_in from order_reservation od1_0 left join dish d1_0 on d1_0.dis_id_in=od1_0.dis_id_in where od1_0.res_id_in=?
Hibernate: select rt1_0.res_id_in,rt1_0.tab_id_in,rt2_0.tab_id_in,rt2_0.tab_cap_in,rt2_0.tab_pri_do,rt2_0.tab_status_in from reservation_table rt1_0 left join res_table rt2_0 on rt2_0.tab_id_in=rt1_0.tab_id_in where rt1_0.res_id_in=?
Hibernate: select od1_0.res_id_in,od1_0.dis_id_in,d1_0.dis_id_in,d1_0.dis_des_vc,d1_0.dis_pri_do,d1_0.dis_tit_vc,od1_0.res_can_in from order_reservation od1_0 left join dish d1_0 on d1_0.dis_id_in=od1_0.dis_id_in where od1_0.res_id_in=?
Hibernate: select rt1_0.res_id_in,rt1_0.tab_id_in,rt2_0.tab_id_in,rt2_0.tab_cap_in,rt2_0.tab_pri_do,rt2_0.tab_status_in from reservation_table rt1_0 left join res_table rt2_0 on rt2_0.tab_id_in=rt1_0.tab_id_in where rt1_0.res_id_in=?
Hibernate: select od1_0.res_id_in,od1_0.dis_id_in,d1_0.dis_id_in,d1_0.dis_des_vc,d1_0.dis_pri_do,d1_0.dis_tit_vc,od1_0.res_can_in from order_reservation od1_0 left join dish d1_0 on d1_0.dis_id_in=od1_0.dis_id_in where od1_0.res_id_in=?
Hibernate: select rt1_0.res_id_in,rt1_0.tab_id_in,rt2_0.tab_id_in,rt2_0.tab_cap_in,rt2_0.tab_pri_do,rt2_0.tab_status_in from reservation_table rt1_0 left join res_table rt2_0 on rt2_0.tab_id_in=rt1_0.tab_id_in where rt1_0.res_id_in=?
Hibernate: select od1_0.res_id_in,od1_0.dis_id_in,d1_0.dis_id_in,d1_0.dis_des_vc,d1_0.dis_pri_do,d1_0.dis_tit_vc,od1_0.res_can_in from order_reservation od1_0 left join dish d1_0 on d1_0.dis_id_in=od1_0.dis_id_in where od1_0.res_id_in=?
Hibernate: select rt1_0.res_id_in,rt1_0.tab_id_in,rt2_0.tab_id_in,rt2_0.tab_cap_in,rt2_0.tab_pri_do,rt2_0.tab_status_in from reservation_table rt1_0 left join res_table rt2_0 on rt2_0.tab_id_in=rt1_0.tab_id_in where rt1_0.res_id_in=?
Hibernate: select od1_0.res_id_in,od1_0.dis_id_in,d1_0.dis_id_in,d1_0.dis_des_vc,d1_0.dis_pri_do,d1_0.dis_tit_vc,od1_0.res_can_in from order_reservation od1_0 left join dish d1_0 on d1_0.dis_id_in=od1_0.dis_id_in where od1_0.res_id_in=?
Hibernate: select rt1_0.res_id_in,rt1_0.tab_id_in,rt2_0.tab_id_in,rt2_0.tab_cap_in,rt2_0.tab_pri_do,rt2_0.tab_status_in from reservation_table rt1_0 left join res_table rt2_0 on rt2_0.tab_id_in=rt1_0.tab_id_in where rt1_0.res_id_in=?
Hibernate: select od1_0.res_id_in,od1_0.dis_id_in,d1_0.dis_id_in,d1_0.dis_des_vc,d1_0.dis_pri_do,d1_0.dis_tit_vc,od1_0.res_can_in from order_reservation od1_0 left join dish d1_0 on d1_0.dis_id_in=od1_0.dis_id_in where od1_0.res_id_in=?
Hibernate: select r1_0.res_id_in,r1_0.res_cre_dt,c1_0.cus_id_in,c1_0.cus_add_vc,c1_0.cus_dni_vc,c1_0.cus_mail_vc,c1_0.cus_name,c1_0.cus_pas_vc,c1_0.cus_pho_in,c1_0.cus_regis_date_dt,r1_0.res_date_dt,r1_0.res_end_time_tm,r1_0.res_ges_num_in,r1_0.res_tok_vc,r1_0.res_sta_pay_bo,r1_0.res_price_tot_do,r1_0.res_start_time_tm,od1_0.res_id_in,od1_0.dis_id_in,d1_0.dis_id_in,d1_0.dis_des_vc,d1_0.dis_pri_do,d1_0.dis_tit_vc,od1_0.res_can_in from reservation r1_0 left join customer c1_0 on c1_0.cus_id_in=r1_0.customer_cus_id_in left join order_reservation od1_0 on r1_0.res_id_in=od1_0.res_id_in left join dish d1_0 on d1_0.dis_id_in=od1_0.dis_id_in where r1_0.res_id_in=?
Hibernate: select rt1_0.res_id_in,rt1_0.tab_id_in,rt2_0.tab_id_in,rt2_0.tab_cap_in,rt2_0.tab_pri_do,rt2_0.tab_status_in from reservation_table rt1_0 left join res_table rt2_0 on rt2_0.tab_id_in=rt1_0.tab_id_in where rt1_0.res_id_in=?
Hibernate: select rt1_0.tab_id_in,rt1_0.tab_cap_in,rt1_0.tab_pri_do,rt1_0.tab_status_in from res_table rt1_0 where rt1_0.tab_id_in=?
Payment deadline: 2024-09-29T19:58:34.578535 Current time: 2024-09-29T22:27:46.340636100
Hibernate: select r1_0.res_id_in,r1_0.res_cre_dt,c1_0.cus_id_in,c1_0.cus_add_vc,c1_0.cus_dni_vc,c1_0.cus_mail_vc,c1_0.cus_name,c1_0.cus_pas_vc,c1_0.cus_pho_in,c1_0.cus_regis_date_dt,r1_0.res_date_dt,r1_0.res_end_time_tm,r1_0.res_ges_num_in,r1_0.res_tok_vc,r1_0.res_sta_pay_bo,r1_0.res_price_tot_do,r1_0.res_start_time_tm,od1_0.res_id_in,od1_0.dis_id_in,d1_0.dis_id_in,d1_0.dis_des_vc,d1_0.dis_pri_do,d1_0.dis_tit_vc,od1_0.res_can_in from reservation r1_0 left join customer c1_0 on c1_0.cus_id_in=r1_0.customer_cus_id_in left join order_reservation od1_0 on r1_0.res_id_in=od1_0.res_id_in left join dish d1_0 on d1_0.dis_id_in=od1_0.dis_id_in where r1_0.res_id_in=?
Hibernate: select rt1_0.res_id_in,rt1_0.tab_id_in,rt2_0.tab_id_in,rt2_0.tab_cap_in,rt2_0.tab_pri_do,rt2_0.tab_status_in from reservation_table rt1_0 left join res_table rt2_0 on rt2_0.tab_id_in=rt1_0.tab_id_in where rt1_0.res_id_in=?
Hibernate: select rt1_0.tab_id_in,rt1_0.tab_cap_in,rt1_0.tab_pri_do,rt1_0.tab_status_in from res_table rt1_0 where rt1_0.tab_id_in=?
Payment deadline: 2024-09-29T20:02:51.636549 Current time: 2024-09-29T22:27:46.352637800
Hibernate: select r1_0.res_id_in,r1_0.res_cre_dt,c1_0.cus_id_in,c1_0.cus_add_vc,c1_0.cus_dni_vc,c1_0.cus_mail_vc,c1_0.cus_name,c1_0.cus_pas_vc,c1_0.cus_pho_in,c1_0.cus_regis_date_dt,r1_0.res_date_dt,r1_0.res_end_time_tm,r1_0.res_ges_num_in,r1_0.res_tok_vc,r1_0.res_sta_pay_bo,r1_0.res_price_tot_do,r1_0.res_start_time_tm,od1_0.res_id_in,od1_0.dis_id_in,d1_0.dis_id_in,d1_0.dis_des_vc,d1_0.dis_pri_do,d1_0.dis_tit_vc,od1_0.res_can_in from reservation r1_0 left join customer c1_0 on c1_0.cus_id_in=r1_0.customer_cus_id_in left join order_reservation od1_0 on r1_0.res_id_in=od1_0.res_id_in left join dish d1_0 on d1_0.dis_id_in=od1_0.dis_id_in where r1_0.res_id_in=?
Hibernate: select rt1_0.res_id_in,rt1_0.tab_id_in,rt2_0.tab_id_in,rt2_0.tab_cap_in,rt2_0.tab_pri_do,rt2_0.tab_status_in from reservation_table rt1_0 left join res_table rt2_0 on rt2_0.tab_id_in=rt1_0.tab_id_in where rt1_0.res_id_in=?
Hibernate: select rt1_0.tab_id_in,rt1_0.tab_cap_in,rt1_0.tab_pri_do,rt1_0.tab_status_in from res_table rt1_0 where rt1_0.tab_id_in=?
Hibernate: select rt1_0.tab_id_in,rt1_0.tab_cap_in,rt1_0.tab_pri_do,rt1_0.tab_status_in from res_table rt1_0 where rt1_0.tab_id_in=?
Payment deadline: 2024-09-29T19:10:51.781698 Current time: 2024-09-29T22:27:46.367633900
Hibernate: select r1_0.res_id_in,r1_0.res_cre_dt,c1_0.cus_id_in,c1_0.cus_add_vc,c1_0.cus_dni_vc,c1_0.cus_mail_vc,c1_0.cus_name,c1_0.cus_pas_vc,c1_0.cus_pho_in,c1_0.cus_regis_date_dt,r1_0.res_date_dt,r1_0.res_end_time_tm,r1_0.res_ges_num_in,r1_0.res_tok_vc,r1_0.res_sta_pay_bo,r1_0.res_price_tot_do,r1_0.res_start_time_tm,od1_0.res_id_in,od1_0.dis_id_in,d1_0.dis_id_in,d1_0.dis_des_vc,d1_0.dis_pri_do,d1_0.dis_tit_vc,od1_0.res_can_in from reservation r1_0 left join customer c1_0 on c1_0.cus_id_in=r1_0.customer_cus_id_in left join order_reservation od1_0 on r1_0.res_id_in=od1_0.res_id_in left join dish d1_0 on d1_0.dis_id_in=od1_0.dis_id_in where r1_0.res_id_in=?
Hibernate: select rt1_0.res_id_in,rt1_0.tab_id_in,rt2_0.tab_id_in,rt2_0.tab_cap_in,rt2_0.tab_pri_do,rt2_0.tab_status_in from reservation_table rt1_0 left join res_table rt2_0 on rt2_0.tab_id_in=rt1_0.tab_id_in where rt1_0.res_id_in=?
Hibernate: select rt1_0.tab_id_in,rt1_0.tab_cap_in,rt1_0.tab_pri_do,rt1_0.tab_status_in from res_table rt1_0 where rt1_0.tab_id_in=?
Payment deadline: 2024-09-29T20:11:15.227489 Current time: 2024-09-29T22:27:46.374635300
Hibernate: select r1_0.res_id_in,r1_0.res_cre_dt,c1_0.cus_id_in,c1_0.cus_add_vc,c1_0.cus_dni_vc,c1_0.cus_mail_vc,c1_0.cus_name,c1_0.cus_pas_vc,c1_0.cus_pho_in,c1_0.cus_regis_date_dt,r1_0.res_date_dt,r1_0.res_end_time_tm,r1_0.res_ges_num_in,r1_0.res_tok_vc,r1_0.res_sta_pay_bo,r1_0.res_price_tot_do,r1_0.res_start_time_tm,od1_0.res_id_in,od1_0.dis_id_in,d1_0.dis_id_in,d1_0.dis_des_vc,d1_0.dis_pri_do,d1_0.dis_tit_vc,od1_0.res_can_in from reservation r1_0 left join customer c1_0 on c1_0.cus_id_in=r1_0.customer_cus_id_in left join order_reservation od1_0 on r1_0.res_id_in=od1_0.res_id_in left join dish d1_0 on d1_0.dis_id_in=od1_0.dis_id_in where r1_0.res_id_in=?
Hibernate: select rt1_0.res_id_in,rt1_0.tab_id_in,rt2_0.tab_id_in,rt2_0.tab_cap_in,rt2_0.tab_pri_do,rt2_0.tab_status_in from reservation_table rt1_0 left join res_table rt2_0 on rt2_0.tab_id_in=rt1_0.tab_id_in where rt1_0.res_id_in=?
Hibernate: select rt1_0.tab_id_in,rt1_0.tab_cap_in,rt1_0.tab_pri_do,rt1_0.tab_status_in from res_table rt1_0 where rt1_0.tab_id_in=?
Payment deadline: 2024-09-29T20:28:04.882076 Current time: 2024-09-29T22:27:46.383649100
Hibernate: select r1_0.res_id_in,r1_0.res_cre_dt,c1_0.cus_id_in,c1_0.cus_add_vc,c1_0.cus_dni_vc,c1_0.cus_mail_vc,c1_0.cus_name,c1_0.cus_pas_vc,c1_0.cus_pho_in,c1_0.cus_regis_date_dt,r1_0.res_date_dt,r1_0.res_end_time_tm,r1_0.res_ges_num_in,r1_0.res_tok_vc,r1_0.res_sta_pay_bo,r1_0.res_price_tot_do,r1_0.res_start_time_tm,od1_0.res_id_in,od1_0.dis_id_in,d1_0.dis_id_in,d1_0.dis_des_vc,d1_0.dis_pri_do,d1_0.dis_tit_vc,od1_0.res_can_in from reservation r1_0 left join customer c1_0 on c1_0.cus_id_in=r1_0.customer_cus_id_in left join order_reservation od1_0 on r1_0.res_id_in=od1_0.res_id_in left join dish d1_0 on d1_0.dis_id_in=od1_0.dis_id_in where r1_0.res_id_in=?
Hibernate: select rt1_0.res_id_in,rt1_0.tab_id_in,rt2_0.tab_id_in,rt2_0.tab_cap_in,rt2_0.tab_pri_do,rt2_0.tab_status_in from reservation_table rt1_0 left join res_table rt2_0 on rt2_0.tab_id_in=rt1_0.tab_id_in where rt1_0.res_id_in=?
Hibernate: select rt1_0.tab_id_in,rt1_0.tab_cap_in,rt1_0.tab_pri_do,rt1_0.tab_status_in from res_table rt1_0 where rt1_0.tab_id_in=?
Payment deadline: 2024-09-29T20:37:26.159831 Current time: 2024-09-29T22:27:46.393633500
Hibernate: select r1_0.res_id_in,r1_0.res_cre_dt,c1_0.cus_id_in,c1_0.cus_add_vc,c1_0.cus_dni_vc,c1_0.cus_mail_vc,c1_0.cus_name,c1_0.cus_pas_vc,c1_0.cus_pho_in,c1_0.cus_regis_date_dt,r1_0.res_date_dt,r1_0.res_end_time_tm,r1_0.res_ges_num_in,r1_0.res_tok_vc,r1_0.res_sta_pay_bo,r1_0.res_price_tot_do,r1_0.res_start_time_tm,od1_0.res_id_in,od1_0.dis_id_in,d1_0.dis_id_in,d1_0.dis_des_vc,d1_0.dis_pri_do,d1_0.dis_tit_vc,od1_0.res_can_in from reservation r1_0 left join customer c1_0 on c1_0.cus_id_in=r1_0.customer_cus_id_in left join order_reservation od1_0 on r1_0.res_id_in=od1_0.res_id_in left join dish d1_0 on d1_0.dis_id_in=od1_0.dis_id_in where r1_0.res_id_in=?
Hibernate: select rt1_0.res_id_in,rt1_0.tab_id_in,rt2_0.tab_id_in,rt2_0.tab_cap_in,rt2_0.tab_pri_do,rt2_0.tab_status_in from reservation_table rt1_0 left join res_table rt2_0 on rt2_0.tab_id_in=rt1_0.tab_id_in where rt1_0.res_id_in=?
Hibernate: select rt1_0.tab_id_in,rt1_0.tab_cap_in,rt1_0.tab_pri_do,rt1_0.tab_status_in from res_table rt1_0 where rt1_0.tab_id_in=?
Payment deadline: 2024-09-29T19:18:10.188182 Current time: 2024-09-29T22:27:46.401634900
Hibernate: select r1_0.res_id_in,r1_0.res_cre_dt,c1_0.cus_id_in,c1_0.cus_add_vc,c1_0.cus_dni_vc,c1_0.cus_mail_vc,c1_0.cus_name,c1_0.cus_pas_vc,c1_0.cus_pho_in,c1_0.cus_regis_date_dt,r1_0.res_date_dt,r1_0.res_end_time_tm,r1_0.res_ges_num_in,r1_0.res_tok_vc,r1_0.res_sta_pay_bo,r1_0.res_price_tot_do,r1_0.res_start_time_tm,od1_0.res_id_in,od1_0.dis_id_in,d1_0.dis_id_in,d1_0.dis_des_vc,d1_0.dis_pri_do,d1_0.dis_tit_vc,od1_0.res_can_in from reservation r1_0 left join customer c1_0 on c1_0.cus_id_in=r1_0.customer_cus_id_in left join order_reservation od1_0 on r1_0.res_id_in=od1_0.res_id_in left join dish d1_0 on d1_0.dis_id_in=od1_0.dis_id_in where r1_0.res_id_in=?
Hibernate: select rt1_0.res_id_in,rt1_0.tab_id_in,rt2_0.tab_id_in,rt2_0.tab_cap_in,rt2_0.tab_pri_do,rt2_0.tab_status_in from reservation_table rt1_0 left join res_table rt2_0 on rt2_0.tab_id_in=rt1_0.tab_id_in where rt1_0.res_id_in=?
Hibernate: select rt1_0.tab_id_in,rt1_0.tab_cap_in,rt1_0.tab_pri_do,rt1_0.tab_status_in from res_table rt1_0 where rt1_0.tab_id_in=?
Payment deadline: 2024-09-29T20:42:56.810487 Current time: 2024-09-29T22:27:46.410642600
Hibernate: select r1_0.res_id_in,r1_0.res_cre_dt,c1_0.cus_id_in,c1_0.cus_add_vc,c1_0.cus_dni_vc,c1_0.cus_mail_vc,c1_0.cus_name,c1_0.cus_pas_vc,c1_0.cus_pho_in,c1_0.cus_regis_date_dt,r1_0.res_date_dt,r1_0.res_end_time_tm,r1_0.res_ges_num_in,r1_0.res_tok_vc,r1_0.res_sta_pay_bo,r1_0.res_price_tot_do,r1_0.res_start_time_tm,od1_0.res_id_in,od1_0.dis_id_in,d1_0.dis_id_in,d1_0.dis_des_vc,d1_0.dis_pri_do,d1_0.dis_tit_vc,od1_0.res_can_in from reservation r1_0 left join customer c1_0 on c1_0.cus_id_in=r1_0.customer_cus_id_in left join order_reservation od1_0 on r1_0.res_id_in=od1_0.res_id_in left join dish d1_0 on d1_0.dis_id_in=od1_0.dis_id_in where r1_0.res_id_in=?
Hibernate: select rt1_0.res_id_in,rt1_0.tab_id_in,rt2_0.tab_id_in,rt2_0.tab_cap_in,rt2_0.tab_pri_do,rt2_0.tab_status_in from reservation_table rt1_0 left join res_table rt2_0 on rt2_0.tab_id_in=rt1_0.tab_id_in where rt1_0.res_id_in=?
Hibernate: select rt1_0.tab_id_in,rt1_0.tab_cap_in,rt1_0.tab_pri_do,rt1_0.tab_status_in from res_table rt1_0 where rt1_0.tab_id_in=?
Payment deadline: 2024-09-29T18:57:19.950377 Current time: 2024-09-29T22:27:46.421635200
Hibernate: select r1_0.res_id_in,r1_0.res_cre_dt,c1_0.cus_id_in,c1_0.cus_add_vc,c1_0.cus_dni_vc,c1_0.cus_mail_vc,c1_0.cus_name,c1_0.cus_pas_vc,c1_0.cus_pho_in,c1_0.cus_regis_date_dt,r1_0.res_date_dt,r1_0.res_end_time_tm,r1_0.res_ges_num_in,r1_0.res_tok_vc,r1_0.res_sta_pay_bo,r1_0.res_price_tot_do,r1_0.res_start_time_tm,od1_0.res_id_in,od1_0.dis_id_in,d1_0.dis_id_in,d1_0.dis_des_vc,d1_0.dis_pri_do,d1_0.dis_tit_vc,od1_0.res_can_in from reservation r1_0 left join customer c1_0 on c1_0.cus_id_in=r1_0.customer_cus_id_in left join order_reservation od1_0 on r1_0.res_id_in=od1_0.res_id_in left join dish d1_0 on d1_0.dis_id_in=od1_0.dis_id_in where r1_0.res_id_in=?
Hibernate: select rt1_0.res_id_in,rt1_0.tab_id_in,rt2_0.tab_id_in,rt2_0.tab_cap_in,rt2_0.tab_pri_do,rt2_0.tab_status_in from reservation_table rt1_0 left join res_table rt2_0 on rt2_0.tab_id_in=rt1_0.tab_id_in where rt1_0.res_id_in=?
Hibernate: select rt1_0.tab_id_in,rt1_0.tab_cap_in,rt1_0.tab_pri_do,rt1_0.tab_status_in from res_table rt1_0 where rt1_0.tab_id_in=?
Payment deadline: 2024-09-29T21:54:27.662055 Current time: 2024-09-29T22:27:46.430634300
Hibernate: select r1_0.res_id_in,r1_0.res_cre_dt,c1_0.cus_id_in,c1_0.cus_add_vc,c1_0.cus_dni_vc,c1_0.cus_mail_vc,c1_0.cus_name,c1_0.cus_pas_vc,c1_0.cus_pho_in,c1_0.cus_regis_date_dt,r1_0.res_date_dt,r1_0.res_end_time_tm,r1_0.res_ges_num_in,r1_0.res_tok_vc,r1_0.res_sta_pay_bo,r1_0.res_price_tot_do,r1_0.res_start_time_tm,od1_0.res_id_in,od1_0.dis_id_in,d1_0.dis_id_in,d1_0.dis_des_vc,d1_0.dis_pri_do,d1_0.dis_tit_vc,od1_0.res_can_in from reservation r1_0 left join customer c1_0 on c1_0.cus_id_in=r1_0.customer_cus_id_in left join order_reservation od1_0 on r1_0.res_id_in=od1_0.res_id_in left join dish d1_0 on d1_0.dis_id_in=od1_0.dis_id_in where r1_0.res_id_in=?
Hibernate: select rt1_0.res_id_in,rt1_0.tab_id_in,rt2_0.tab_id_in,rt2_0.tab_cap_in,rt2_0.tab_pri_do,rt2_0.tab_status_in from reservation_table rt1_0 left join res_table rt2_0 on rt2_0.tab_id_in=rt1_0.tab_id_in where rt1_0.res_id_in=?
Hibernate: select rt1_0.tab_id_in,rt1_0.tab_cap_in,rt1_0.tab_pri_do,rt1_0.tab_status_in from res_table rt1_0 where rt1_0.tab_id_in=?
Payment deadline: 2024-09-29T19:51:04.610101 Current time: 2024-09-29T22:27:46.438636900
Hibernate: select r1_0.res_id_in,r1_0.res_cre_dt,c1_0.cus_id_in,c1_0.cus_add_vc,c1_0.cus_dni_vc,c1_0.cus_mail_vc,c1_0.cus_name,c1_0.cus_pas_vc,c1_0.cus_pho_in,c1_0.cus_regis_date_dt,r1_0.res_date_dt,r1_0.res_end_time_tm,r1_0.res_ges_num_in,r1_0.res_tok_vc,r1_0.res_sta_pay_bo,r1_0.res_price_tot_do,r1_0.res_start_time_tm,od1_0.res_id_in,od1_0.dis_id_in,d1_0.dis_id_in,d1_0.dis_des_vc,d1_0.dis_pri_do,d1_0.dis_tit_vc,od1_0.res_can_in from reservation r1_0 left join customer c1_0 on c1_0.cus_id_in=r1_0.customer_cus_id_in left join order_reservation od1_0 on r1_0.res_id_in=od1_0.res_id_in left join dish d1_0 on d1_0.dis_id_in=od1_0.dis_id_in where r1_0.res_id_in=?
Hibernate: select rt1_0.res_id_in,rt1_0.tab_id_in,rt2_0.tab_id_in,rt2_0.tab_cap_in,rt2_0.tab_pri_do,rt2_0.tab_status_in from reservation_table rt1_0 left join res_table rt2_0 on rt2_0.tab_id_in=rt1_0.tab_id_in where rt1_0.res_id_in=?
Hibernate: select rt1_0.tab_id_in,rt1_0.tab_cap_in,rt1_0.tab_pri_do,rt1_0.tab_status_in from res_table rt1_0 where rt1_0.tab_id_in=?
Payment deadline: 2024-09-29T21:58:05.500082 Current time: 2024-09-29T22:27:46.447637700
Hibernate: select r1_0.res_id_in,r1_0.res_cre_dt,r1_0.customer_cus_id_in,r1_0.res_date_dt,r1_0.res_end_time_tm,r1_0.res_ges_num_in,r1_0.res_tok_vc,r1_0.res_sta_pay_bo,r1_0.res_price_tot_do,r1_0.res_start_time_tm from reservation r1_0 where r1_0.res_end_time_tm<?
Hibernate: select c1_0.cus_id_in,c1_0.cus_add_vc,c1_0.cus_dni_vc,c1_0.cus_mail_vc,c1_0.cus_name,c1_0.cus_pas_vc,c1_0.cus_pho_in,c1_0.cus_regis_date_dt from customer c1_0 where c1_0.cus_id_in=?
Hibernate: select c1_0.cus_id_in,c1_0.cus_add_vc,c1_0.cus_dni_vc,c1_0.cus_mail_vc,c1_0.cus_name,c1_0.cus_pas_vc,c1_0.cus_pho_in,c1_0.cus_regis_date_dt from customer c1_0 where c1_0.cus_id_in=?
Hibernate: select c1_0.cus_id_in,c1_0.cus_add_vc,c1_0.cus_dni_vc,c1_0.cus_mail_vc,c1_0.cus_name,c1_0.cus_pas_vc,c1_0.cus_pho_in,c1_0.cus_regis_date_dt from customer c1_0 where c1_0.cus_id_in=?
Hibernate: select c1_0.cus_id_in,c1_0.cus_add_vc,c1_0.cus_dni_vc,c1_0.cus_mail_vc,c1_0.cus_name,c1_0.cus_pas_vc,c1_0.cus_pho_in,c1_0.cus_regis_date_dt from customer c1_0 where c1_0.cus_id_in=?
Hibernate: select c1_0.cus_id_in,c1_0.cus_add_vc,c1_0.cus_dni_vc,c1_0.cus_mail_vc,c1_0.cus_name,c1_0.cus_pas_vc,c1_0.cus_pho_in,c1_0.cus_regis_date_dt from customer c1_0 where c1_0.cus_id_in=?
Hibernate: select c1_0.cus_id_in,c1_0.cus_add_vc,c1_0.cus_dni_vc,c1_0.cus_mail_vc,c1_0.cus_name,c1_0.cus_pas_vc,c1_0.cus_pho_in,c1_0.cus_regis_date_dt from customer c1_0 where c1_0.cus_id_in=?
Hibernate: select c1_0.cus_id_in,c1_0.cus_add_vc,c1_0.cus_dni_vc,c1_0.cus_mail_vc,c1_0.cus_name,c1_0.cus_pas_vc,c1_0.cus_pho_in,c1_0.cus_regis_date_dt from customer c1_0 where c1_0.cus_id_in=?
Hibernate: select c1_0.cus_id_in,c1_0.cus_add_vc,c1_0.cus_dni_vc,c1_0.cus_mail_vc,c1_0.cus_name,c1_0.cus_pas_vc,c1_0.cus_pho_in,c1_0.cus_regis_date_dt from customer c1_0 where c1_0.cus_id_in=?
Hibernate: select c1_0.cus_id_in,c1_0.cus_add_vc,c1_0.cus_dni_vc,c1_0.cus_mail_vc,c1_0.cus_name,c1_0.cus_pas_vc,c1_0.cus_pho_in,c1_0.cus_regis_date_dt from customer c1_0 where c1_0.cus_id_in=?
Hibernate: select c1_0.cus_id_in,c1_0.cus_add_vc,c1_0.cus_dni_vc,c1_0.cus_mail_vc,c1_0.cus_name,c1_0.cus_pas_vc,c1_0.cus_pho_in,c1_0.cus_regis_date_dt from customer c1_0 where c1_0.cus_id_in=?
Hibernate: select c1_0.cus_id_in,c1_0.cus_add_vc,c1_0.cus_dni_vc,c1_0.cus_mail_vc,c1_0.cus_name,c1_0.cus_pas_vc,c1_0.cus_pho_in,c1_0.cus_regis_date_dt from customer c1_0 where c1_0.cus_id_in=?
Hibernate: select c1_0.cus_id_in,c1_0.cus_add_vc,c1_0.cus_dni_vc,c1_0.cus_mail_vc,c1_0.cus_name,c1_0.cus_pas_vc,c1_0.cus_pho_in,c1_0.cus_regis_date_dt from customer c1_0 where c1_0.cus_id_in=?
Hibernate: select rt1_0.res_id_in,rt1_0.tab_id_in,rt2_0.tab_id_in,rt2_0.tab_cap_in,rt2_0.tab_pri_do,rt2_0.tab_status_in from reservation_table rt1_0 left join res_table rt2_0 on rt2_0.tab_id_in=rt1_0.tab_id_in where rt1_0.res_id_in=?
Hibernate: select od1_0.res_id_in,od1_0.dis_id_in,d1_0.dis_id_in,d1_0.dis_des_vc,d1_0.dis_pri_do,d1_0.dis_tit_vc,od1_0.res_can_in from order_reservation od1_0 left join dish d1_0 on d1_0.dis_id_in=od1_0.dis_id_in where od1_0.res_id_in=?
Hibernate: select rt1_0.res_id_in,rt1_0.tab_id_in,rt2_0.tab_id_in,rt2_0.tab_cap_in,rt2_0.tab_pri_do,rt2_0.tab_status_in from reservation_table rt1_0 left join res_table rt2_0 on rt2_0.tab_id_in=rt1_0.tab_id_in where rt1_0.res_id_in=?
Hibernate: select od1_0.res_id_in,od1_0.dis_id_in,d1_0.dis_id_in,d1_0.dis_des_vc,d1_0.dis_pri_do,d1_0.dis_tit_vc,od1_0.res_can_in from order_reservation od1_0 left join dish d1_0 on d1_0.dis_id_in=od1_0.dis_id_in where od1_0.res_id_in=?
Hibernate: select rt1_0.res_id_in,rt1_0.tab_id_in,rt2_0.tab_id_in,rt2_0.tab_cap_in,rt2_0.tab_pri_do,rt2_0.tab_status_in from reservation_table rt1_0 left join res_table rt2_0 on rt2_0.tab_id_in=rt1_0.tab_id_in where rt1_0.res_id_in=?
Hibernate: select od1_0.res_id_in,od1_0.dis_id_in,d1_0.dis_id_in,d1_0.dis_des_vc,d1_0.dis_pri_do,d1_0.dis_tit_vc,od1_0.res_can_in from order_reservation od1_0 left join dish d1_0 on d1_0.dis_id_in=od1_0.dis_id_in where od1_0.res_id_in=?
Hibernate: select rt1_0.res_id_in,rt1_0.tab_id_in,rt2_0.tab_id_in,rt2_0.tab_cap_in,rt2_0.tab_pri_do,rt2_0.tab_status_in from reservation_table rt1_0 left join res_table rt2_0 on rt2_0.tab_id_in=rt1_0.tab_id_in where rt1_0.res_id_in=?
Hibernate: select od1_0.res_id_in,od1_0.dis_id_in,d1_0.dis_id_in,d1_0.dis_des_vc,d1_0.dis_pri_do,d1_0.dis_tit_vc,od1_0.res_can_in from order_reservation od1_0 left join dish d1_0 on d1_0.dis_id_in=od1_0.dis_id_in where od1_0.res_id_in=?
Hibernate: select rt1_0.res_id_in,rt1_0.tab_id_in,rt2_0.tab_id_in,rt2_0.tab_cap_in,rt2_0.tab_pri_do,rt2_0.tab_status_in from reservation_table rt1_0 left join res_table rt2_0 on rt2_0.tab_id_in=rt1_0.tab_id_in where rt1_0.res_id_in=?
Hibernate: select od1_0.res_id_in,od1_0.dis_id_in,d1_0.dis_id_in,d1_0.dis_des_vc,d1_0.dis_pri_do,d1_0.dis_tit_vc,od1_0.res_can_in from order_reservation od1_0 left join dish d1_0 on d1_0.dis_id_in=od1_0.dis_id_in where od1_0.res_id_in=?
Hibernate: select rt1_0.res_id_in,rt1_0.tab_id_in,rt2_0.tab_id_in,rt2_0.tab_cap_in,rt2_0.tab_pri_do,rt2_0.tab_status_in from reservation_table rt1_0 left join res_table rt2_0 on rt2_0.tab_id_in=rt1_0.tab_id_in where rt1_0.res_id_in=?
Hibernate: select od1_0.res_id_in,od1_0.dis_id_in,d1_0.dis_id_in,d1_0.dis_des_vc,d1_0.dis_pri_do,d1_0.dis_tit_vc,od1_0.res_can_in from order_reservation od1_0 left join dish d1_0 on d1_0.dis_id_in=od1_0.dis_id_in where od1_0.res_id_in=?
Hibernate: select rt1_0.res_id_in,rt1_0.tab_id_in,rt2_0.tab_id_in,rt2_0.tab_cap_in,rt2_0.tab_pri_do,rt2_0.tab_status_in from reservation_table rt1_0 left join res_table rt2_0 on rt2_0.tab_id_in=rt1_0.tab_id_in where rt1_0.res_id_in=?
Hibernate: select od1_0.res_id_in,od1_0.dis_id_in,d1_0.dis_id_in,d1_0.dis_des_vc,d1_0.dis_pri_do,d1_0.dis_tit_vc,od1_0.res_can_in from order_reservation od1_0 left join dish d1_0 on d1_0.dis_id_in=od1_0.dis_id_in where od1_0.res_id_in=?
Hibernate: select rt1_0.res_id_in,rt1_0.tab_id_in,rt2_0.tab_id_in,rt2_0.tab_cap_in,rt2_0.tab_pri_do,rt2_0.tab_status_in from reservation_table rt1_0 left join res_table rt2_0 on rt2_0.tab_id_in=rt1_0.tab_id_in where rt1_0.res_id_in=?
Hibernate: select od1_0.res_id_in,od1_0.dis_id_in,d1_0.dis_id_in,d1_0.dis_des_vc,d1_0.dis_pri_do,d1_0.dis_tit_vc,od1_0.res_can_in from order_reservation od1_0 left join dish d1_0 on d1_0.dis_id_in=od1_0.dis_id_in where od1_0.res_id_in=?
Hibernate: select rt1_0.res_id_in,rt1_0.tab_id_in,rt2_0.tab_id_in,rt2_0.tab_cap_in,rt2_0.tab_pri_do,rt2_0.tab_status_in from reservation_table rt1_0 left join res_table rt2_0 on rt2_0.tab_id_in=rt1_0.tab_id_in where rt1_0.res_id_in=?
Hibernate: select od1_0.res_id_in,od1_0.dis_id_in,d1_0.dis_id_in,d1_0.dis_des_vc,d1_0.dis_pri_do,d1_0.dis_tit_vc,od1_0.res_can_in from order_reservation od1_0 left join dish d1_0 on d1_0.dis_id_in=od1_0.dis_id_in where od1_0.res_id_in=?
Hibernate: select rt1_0.res_id_in,rt1_0.tab_id_in,rt2_0.tab_id_in,rt2_0.tab_cap_in,rt2_0.tab_pri_do,rt2_0.tab_status_in from reservation_table rt1_0 left join res_table rt2_0 on rt2_0.tab_id_in=rt1_0.tab_id_in where rt1_0.res_id_in=?
Hibernate: select od1_0.res_id_in,od1_0.dis_id_in,d1_0.dis_id_in,d1_0.dis_des_vc,d1_0.dis_pri_do,d1_0.dis_tit_vc,od1_0.res_can_in from order_reservation od1_0 left join dish d1_0 on d1_0.dis_id_in=od1_0.dis_id_in where od1_0.res_id_in=?
Hibernate: select rt1_0.res_id_in,rt1_0.tab_id_in,rt2_0.tab_id_in,rt2_0.tab_cap_in,rt2_0.tab_pri_do,rt2_0.tab_status_in from reservation_table rt1_0 left join res_table rt2_0 on rt2_0.tab_id_in=rt1_0.tab_id_in where rt1_0.res_id_in=?
Hibernate: select od1_0.res_id_in,od1_0.dis_id_in,d1_0.dis_id_in,d1_0.dis_des_vc,d1_0.dis_pri_do,d1_0.dis_tit_vc,od1_0.res_can_in from order_reservation od1_0 left join dish d1_0 on d1_0.dis_id_in=od1_0.dis_id_in where od1_0.res_id_in=?
Hibernate: select rt1_0.res_id_in,rt1_0.tab_id_in,rt2_0.tab_id_in,rt2_0.tab_cap_in,rt2_0.tab_pri_do,rt2_0.tab_status_in from reservation_table rt1_0 left join res_table rt2_0 on rt2_0.tab_id_in=rt1_0.tab_id_in where rt1_0.res_id_in=?
Hibernate: select od1_0.res_id_in,od1_0.dis_id_in,d1_0.dis_id_in,d1_0.dis_des_vc,d1_0.dis_pri_do,d1_0.dis_tit_vc,od1_0.res_can_in from order_reservation od1_0 left join dish d1_0 on d1_0.dis_id_in=od1_0.dis_id_in where od1_0.res_id_in=?
Hibernate: select r1_0.res_id_in,r1_0.res_cre_dt,c1_0.cus_id_in,c1_0.cus_add_vc,c1_0.cus_dni_vc,c1_0.cus_mail_vc,c1_0.cus_name,c1_0.cus_pas_vc,c1_0.cus_pho_in,c1_0.cus_regis_date_dt,r1_0.res_date_dt,r1_0.res_end_time_tm,r1_0.res_ges_num_in,r1_0.res_tok_vc,r1_0.res_sta_pay_bo,r1_0.res_price_tot_do,r1_0.res_start_time_tm,od1_0.res_id_in,od1_0.dis_id_in,d1_0.dis_id_in,d1_0.dis_des_vc,d1_0.dis_pri_do,d1_0.dis_tit_vc,od1_0.res_can_in from reservation r1_0 left join customer c1_0 on c1_0.cus_id_in=r1_0.customer_cus_id_in left join order_reservation od1_0 on r1_0.res_id_in=od1_0.res_id_in left join dish d1_0 on d1_0.dis_id_in=od1_0.dis_id_in where r1_0.res_id_in=?
Hibernate: select rt1_0.res_id_in,rt1_0.tab_id_in,rt2_0.tab_id_in,rt2_0.tab_cap_in,rt2_0.tab_pri_do,rt2_0.tab_status_in from reservation_table rt1_0 left join res_table rt2_0 on rt2_0.tab_id_in=rt1_0.tab_id_in where rt1_0.res_id_in=?
Hibernate: select rt1_0.tab_id_in,rt1_0.tab_cap_in,rt1_0.tab_pri_do,rt1_0.tab_status_in from res_table rt1_0 where rt1_0.tab_id_in=?
Payment deadline: 2024-09-29T19:58:34.578535 Current time: 2024-09-29T22:27:46.536635700
Hibernate: select r1_0.res_id_in,r1_0.res_cre_dt,c1_0.cus_id_in,c1_0.cus_add_vc,c1_0.cus_dni_vc,c1_0.cus_mail_vc,c1_0.cus_name,c1_0.cus_pas_vc,c1_0.cus_pho_in,c1_0.cus_regis_date_dt,r1_0.res_date_dt,r1_0.res_end_time_tm,r1_0.res_ges_num_in,r1_0.res_tok_vc,r1_0.res_sta_pay_bo,r1_0.res_price_tot_do,r1_0.res_start_time_tm,od1_0.res_id_in,od1_0.dis_id_in,d1_0.dis_id_in,d1_0.dis_des_vc,d1_0.dis_pri_do,d1_0.dis_tit_vc,od1_0.res_can_in from reservation r1_0 left join customer c1_0 on c1_0.cus_id_in=r1_0.customer_cus_id_in left join order_reservation od1_0 on r1_0.res_id_in=od1_0.res_id_in left join dish d1_0 on d1_0.dis_id_in=od1_0.dis_id_in where r1_0.res_id_in=?
Hibernate: select rt1_0.res_id_in,rt1_0.tab_id_in,rt2_0.tab_id_in,rt2_0.tab_cap_in,rt2_0.tab_pri_do,rt2_0.tab_status_in from reservation_table rt1_0 left join res_table rt2_0 on rt2_0.tab_id_in=rt1_0.tab_id_in where rt1_0.res_id_in=?
Hibernate: select rt1_0.tab_id_in,rt1_0.tab_cap_in,rt1_0.tab_pri_do,rt1_0.tab_status_in from res_table rt1_0 where rt1_0.tab_id_in=?
Payment deadline: 2024-09-29T20:02:51.636549 Current time: 2024-09-29T22:27:46.545633200
Hibernate: select r1_0.res_id_in,r1_0.res_cre_dt,c1_0.cus_id_in,c1_0.cus_add_vc,c1_0.cus_dni_vc,c1_0.cus_mail_vc,c1_0.cus_name,c1_0.cus_pas_vc,c1_0.cus_pho_in,c1_0.cus_regis_date_dt,r1_0.res_date_dt,r1_0.res_end_time_tm,r1_0.res_ges_num_in,r1_0.res_tok_vc,r1_0.res_sta_pay_bo,r1_0.res_price_tot_do,r1_0.res_start_time_tm,od1_0.res_id_in,od1_0.dis_id_in,d1_0.dis_id_in,d1_0.dis_des_vc,d1_0.dis_pri_do,d1_0.dis_tit_vc,od1_0.res_can_in from reservation r1_0 left join customer c1_0 on c1_0.cus_id_in=r1_0.customer_cus_id_in left join order_reservation od1_0 on r1_0.res_id_in=od1_0.res_id_in left join dish d1_0 on d1_0.dis_id_in=od1_0.dis_id_in where r1_0.res_id_in=?
Hibernate: select rt1_0.res_id_in,rt1_0.tab_id_in,rt2_0.tab_id_in,rt2_0.tab_cap_in,rt2_0.tab_pri_do,rt2_0.tab_status_in from reservation_table rt1_0 left join res_table rt2_0 on rt2_0.tab_id_in=rt1_0.tab_id_in where rt1_0.res_id_in=?
Hibernate: select rt1_0.tab_id_in,rt1_0.tab_cap_in,rt1_0.tab_pri_do,rt1_0.tab_status_in from res_table rt1_0 where rt1_0.tab_id_in=?
Hibernate: select rt1_0.tab_id_in,rt1_0.tab_cap_in,rt1_0.tab_pri_do,rt1_0.tab_status_in from res_table rt1_0 where rt1_0.tab_id_in=?
Payment deadline: 2024-09-29T19:10:51.781698 Current time: 2024-09-29T22:27:46.557634
Hibernate: select r1_0.res_id_in,r1_0.res_cre_dt,c1_0.cus_id_in,c1_0.cus_add_vc,c1_0.cus_dni_vc,c1_0.cus_mail_vc,c1_0.cus_name,c1_0.cus_pas_vc,c1_0.cus_pho_in,c1_0.cus_regis_date_dt,r1_0.res_date_dt,r1_0.res_end_time_tm,r1_0.res_ges_num_in,r1_0.res_tok_vc,r1_0.res_sta_pay_bo,r1_0.res_price_tot_do,r1_0.res_start_time_tm,od1_0.res_id_in,od1_0.dis_id_in,d1_0.dis_id_in,d1_0.dis_des_vc,d1_0.dis_pri_do,d1_0.dis_tit_vc,od1_0.res_can_in from reservation r1_0 left join customer c1_0 on c1_0.cus_id_in=r1_0.customer_cus_id_in left join order_reservation od1_0 on r1_0.res_id_in=od1_0.res_id_in left join dish d1_0 on d1_0.dis_id_in=od1_0.dis_id_in where r1_0.res_id_in=?
Hibernate: select rt1_0.res_id_in,rt1_0.tab_id_in,rt2_0.tab_id_in,rt2_0.tab_cap_in,rt2_0.tab_pri_do,rt2_0.tab_status_in from reservation_table rt1_0 left join res_table rt2_0 on rt2_0.tab_id_in=rt1_0.tab_id_in where rt1_0.res_id_in=?
Hibernate: select rt1_0.tab_id_in,rt1_0.tab_cap_in,rt1_0.tab_pri_do,rt1_0.tab_status_in from res_table rt1_0 where rt1_0.tab_id_in=?
Payment deadline: 2024-09-29T20:11:15.227489 Current time: 2024-09-29T22:27:46.565634400
Hibernate: select r1_0.res_id_in,r1_0.res_cre_dt,c1_0.cus_id_in,c1_0.cus_add_vc,c1_0.cus_dni_vc,c1_0.cus_mail_vc,c1_0.cus_name,c1_0.cus_pas_vc,c1_0.cus_pho_in,c1_0.cus_regis_date_dt,r1_0.res_date_dt,r1_0.res_end_time_tm,r1_0.res_ges_num_in,r1_0.res_tok_vc,r1_0.res_sta_pay_bo,r1_0.res_price_tot_do,r1_0.res_start_time_tm,od1_0.res_id_in,od1_0.dis_id_in,d1_0.dis_id_in,d1_0.dis_des_vc,d1_0.dis_pri_do,d1_0.dis_tit_vc,od1_0.res_can_in from reservation r1_0 left join customer c1_0 on c1_0.cus_id_in=r1_0.customer_cus_id_in left join order_reservation od1_0 on r1_0.res_id_in=od1_0.res_id_in left join dish d1_0 on d1_0.dis_id_in=od1_0.dis_id_in where r1_0.res_id_in=?
Hibernate: select rt1_0.res_id_in,rt1_0.tab_id_in,rt2_0.tab_id_in,rt2_0.tab_cap_in,rt2_0.tab_pri_do,rt2_0.tab_status_in from reservation_table rt1_0 left join res_table rt2_0 on rt2_0.tab_id_in=rt1_0.tab_id_in where rt1_0.res_id_in=?
Hibernate: select rt1_0.tab_id_in,rt1_0.tab_cap_in,rt1_0.tab_pri_do,rt1_0.tab_status_in from res_table rt1_0 where rt1_0.tab_id_in=?
Payment deadline: 2024-09-29T20:28:04.882076 Current time: 2024-09-29T22:27:46.573633700
Hibernate: select r1_0.res_id_in,r1_0.res_cre_dt,c1_0.cus_id_in,c1_0.cus_add_vc,c1_0.cus_dni_vc,c1_0.cus_mail_vc,c1_0.cus_name,c1_0.cus_pas_vc,c1_0.cus_pho_in,c1_0.cus_regis_date_dt,r1_0.res_date_dt,r1_0.res_end_time_tm,r1_0.res_ges_num_in,r1_0.res_tok_vc,r1_0.res_sta_pay_bo,r1_0.res_price_tot_do,r1_0.res_start_time_tm,od1_0.res_id_in,od1_0.dis_id_in,d1_0.dis_id_in,d1_0.dis_des_vc,d1_0.dis_pri_do,d1_0.dis_tit_vc,od1_0.res_can_in from reservation r1_0 left join customer c1_0 on c1_0.cus_id_in=r1_0.customer_cus_id_in left join order_reservation od1_0 on r1_0.res_id_in=od1_0.res_id_in left join dish d1_0 on d1_0.dis_id_in=od1_0.dis_id_in where r1_0.res_id_in=?
Hibernate: select rt1_0.res_id_in,rt1_0.tab_id_in,rt2_0.tab_id_in,rt2_0.tab_cap_in,rt2_0.tab_pri_do,rt2_0.tab_status_in from reservation_table rt1_0 left join res_table rt2_0 on rt2_0.tab_id_in=rt1_0.tab_id_in where rt1_0.res_id_in=?
Hibernate: select rt1_0.tab_id_in,rt1_0.tab_cap_in,rt1_0.tab_pri_do,rt1_0.tab_status_in from res_table rt1_0 where rt1_0.tab_id_in=?
Payment deadline: 2024-09-29T20:37:26.159831 Current time: 2024-09-29T22:27:46.582967400
Hibernate: select r1_0.res_id_in,r1_0.res_cre_dt,c1_0.cus_id_in,c1_0.cus_add_vc,c1_0.cus_dni_vc,c1_0.cus_mail_vc,c1_0.cus_name,c1_0.cus_pas_vc,c1_0.cus_pho_in,c1_0.cus_regis_date_dt,r1_0.res_date_dt,r1_0.res_end_time_tm,r1_0.res_ges_num_in,r1_0.res_tok_vc,r1_0.res_sta_pay_bo,r1_0.res_price_tot_do,r1_0.res_start_time_tm,od1_0.res_id_in,od1_0.dis_id_in,d1_0.dis_id_in,d1_0.dis_des_vc,d1_0.dis_pri_do,d1_0.dis_tit_vc,od1_0.res_can_in from reservation r1_0 left join customer c1_0 on c1_0.cus_id_in=r1_0.customer_cus_id_in left join order_reservation od1_0 on r1_0.res_id_in=od1_0.res_id_in left join dish d1_0 on d1_0.dis_id_in=od1_0.dis_id_in where r1_0.res_id_in=?
Hibernate: select rt1_0.res_id_in,rt1_0.tab_id_in,rt2_0.tab_id_in,rt2_0.tab_cap_in,rt2_0.tab_pri_do,rt2_0.tab_status_in from reservation_table rt1_0 left join res_table rt2_0 on rt2_0.tab_id_in=rt1_0.tab_id_in where rt1_0.res_id_in=?
Hibernate: select rt1_0.tab_id_in,rt1_0.tab_cap_in,rt1_0.tab_pri_do,rt1_0.tab_status_in from res_table rt1_0 where rt1_0.tab_id_in=?
Payment deadline: 2024-09-29T19:18:10.188182 Current time: 2024-09-29T22:27:46.590850700
Hibernate: select r1_0.res_id_in,r1_0.res_cre_dt,c1_0.cus_id_in,c1_0.cus_add_vc,c1_0.cus_dni_vc,c1_0.cus_mail_vc,c1_0.cus_name,c1_0.cus_pas_vc,c1_0.cus_pho_in,c1_0.cus_regis_date_dt,r1_0.res_date_dt,r1_0.res_end_time_tm,r1_0.res_ges_num_in,r1_0.res_tok_vc,r1_0.res_sta_pay_bo,r1_0.res_price_tot_do,r1_0.res_start_time_tm,od1_0.res_id_in,od1_0.dis_id_in,d1_0.dis_id_in,d1_0.dis_des_vc,d1_0.dis_pri_do,d1_0.dis_tit_vc,od1_0.res_can_in from reservation r1_0 left join customer c1_0 on c1_0.cus_id_in=r1_0.customer_cus_id_in left join order_reservation od1_0 on r1_0.res_id_in=od1_0.res_id_in left join dish d1_0 on d1_0.dis_id_in=od1_0.dis_id_in where r1_0.res_id_in=?
Hibernate: select rt1_0.res_id_in,rt1_0.tab_id_in,rt2_0.tab_id_in,rt2_0.tab_cap_in,rt2_0.tab_pri_do,rt2_0.tab_status_in from reservation_table rt1_0 left join res_table rt2_0 on rt2_0.tab_id_in=rt1_0.tab_id_in where rt1_0.res_id_in=?
Hibernate: select rt1_0.tab_id_in,rt1_0.tab_cap_in,rt1_0.tab_pri_do,rt1_0.tab_status_in from res_table rt1_0 where rt1_0.tab_id_in=?
Payment deadline: 2024-09-29T20:42:56.810487 Current time: 2024-09-29T22:27:46.600620400
Hibernate: select r1_0.res_id_in,r1_0.res_cre_dt,c1_0.cus_id_in,c1_0.cus_add_vc,c1_0.cus_dni_vc,c1_0.cus_mail_vc,c1_0.cus_name,c1_0.cus_pas_vc,c1_0.cus_pho_in,c1_0.cus_regis_date_dt,r1_0.res_date_dt,r1_0.res_end_time_tm,r1_0.res_ges_num_in,r1_0.res_tok_vc,r1_0.res_sta_pay_bo,r1_0.res_price_tot_do,r1_0.res_start_time_tm,od1_0.res_id_in,od1_0.dis_id_in,d1_0.dis_id_in,d1_0.dis_des_vc,d1_0.dis_pri_do,d1_0.dis_tit_vc,od1_0.res_can_in from reservation r1_0 left join customer c1_0 on c1_0.cus_id_in=r1_0.customer_cus_id_in left join order_reservation od1_0 on r1_0.res_id_in=od1_0.res_id_in left join dish d1_0 on d1_0.dis_id_in=od1_0.dis_id_in where r1_0.res_id_in=?
Hibernate: select rt1_0.res_id_in,rt1_0.tab_id_in,rt2_0.tab_id_in,rt2_0.tab_cap_in,rt2_0.tab_pri_do,rt2_0.tab_status_in from reservation_table rt1_0 left join res_table rt2_0 on rt2_0.tab_id_in=rt1_0.tab_id_in where rt1_0.res_id_in=?
Hibernate: select rt1_0.tab_id_in,rt1_0.tab_cap_in,rt1_0.tab_pri_do,rt1_0.tab_status_in from res_table rt1_0 where rt1_0.tab_id_in=?
Payment deadline: 2024-09-29T18:57:19.950377 Current time: 2024-09-29T22:27:46.610625200
Hibernate: select r1_0.res_id_in,r1_0.res_cre_dt,c1_0.cus_id_in,c1_0.cus_add_vc,c1_0.cus_dni_vc,c1_0.cus_mail_vc,c1_0.cus_name,c1_0.cus_pas_vc,c1_0.cus_pho_in,c1_0.cus_regis_date_dt,r1_0.res_date_dt,r1_0.res_end_time_tm,r1_0.res_ges_num_in,r1_0.res_tok_vc,r1_0.res_sta_pay_bo,r1_0.res_price_tot_do,r1_0.res_start_time_tm,od1_0.res_id_in,od1_0.dis_id_in,d1_0.dis_id_in,d1_0.dis_des_vc,d1_0.dis_pri_do,d1_0.dis_tit_vc,od1_0.res_can_in from reservation r1_0 left join customer c1_0 on c1_0.cus_id_in=r1_0.customer_cus_id_in left join order_reservation od1_0 on r1_0.res_id_in=od1_0.res_id_in left join dish d1_0 on d1_0.dis_id_in=od1_0.dis_id_in where r1_0.res_id_in=?
Hibernate: select rt1_0.res_id_in,rt1_0.tab_id_in,rt2_0.tab_id_in,rt2_0.tab_cap_in,rt2_0.tab_pri_do,rt2_0.tab_status_in from reservation_table rt1_0 left join res_table rt2_0 on rt2_0.tab_id_in=rt1_0.tab_id_in where rt1_0.res_id_in=?
Hibernate: select rt1_0.tab_id_in,rt1_0.tab_cap_in,rt1_0.tab_pri_do,rt1_0.tab_status_in from res_table rt1_0 where rt1_0.tab_id_in=?
Payment deadline: 2024-09-29T21:54:27.662055 Current time: 2024-09-29T22:27:46.619621400
Hibernate: select r1_0.res_id_in,r1_0.res_cre_dt,c1_0.cus_id_in,c1_0.cus_add_vc,c1_0.cus_dni_vc,c1_0.cus_mail_vc,c1_0.cus_name,c1_0.cus_pas_vc,c1_0.cus_pho_in,c1_0.cus_regis_date_dt,r1_0.res_date_dt,r1_0.res_end_time_tm,r1_0.res_ges_num_in,r1_0.res_tok_vc,r1_0.res_sta_pay_bo,r1_0.res_price_tot_do,r1_0.res_start_time_tm,od1_0.res_id_in,od1_0.dis_id_in,d1_0.dis_id_in,d1_0.dis_des_vc,d1_0.dis_pri_do,d1_0.dis_tit_vc,od1_0.res_can_in from reservation r1_0 left join customer c1_0 on c1_0.cus_id_in=r1_0.customer_cus_id_in left join order_reservation od1_0 on r1_0.res_id_in=od1_0.res_id_in left join dish d1_0 on d1_0.dis_id_in=od1_0.dis_id_in where r1_0.res_id_in=?
Hibernate: select rt1_0.res_id_in,rt1_0.tab_id_in,rt2_0.tab_id_in,rt2_0.tab_cap_in,rt2_0.tab_pri_do,rt2_0.tab_status_in from reservation_table rt1_0 left join res_table rt2_0 on rt2_0.tab_id_in=rt1_0.tab_id_in where rt1_0.res_id_in=?
Hibernate: select rt1_0.tab_id_in,rt1_0.tab_cap_in,rt1_0.tab_pri_do,rt1_0.tab_status_in from res_table rt1_0 where rt1_0.tab_id_in=?
Payment deadline: 2024-09-29T19:51:04.610101 Current time: 2024-09-29T22:27:46.628622900
Hibernate: select r1_0.res_id_in,r1_0.res_cre_dt,c1_0.cus_id_in,c1_0.cus_add_vc,c1_0.cus_dni_vc,c1_0.cus_mail_vc,c1_0.cus_name,c1_0.cus_pas_vc,c1_0.cus_pho_in,c1_0.cus_regis_date_dt,r1_0.res_date_dt,r1_0.res_end_time_tm,r1_0.res_ges_num_in,r1_0.res_tok_vc,r1_0.res_sta_pay_bo,r1_0.res_price_tot_do,r1_0.res_start_time_tm,od1_0.res_id_in,od1_0.dis_id_in,d1_0.dis_id_in,d1_0.dis_des_vc,d1_0.dis_pri_do,d1_0.dis_tit_vc,od1_0.res_can_in from reservation r1_0 left join customer c1_0 on c1_0.cus_id_in=r1_0.customer_cus_id_in left join order_reservation od1_0 on r1_0.res_id_in=od1_0.res_id_in left join dish d1_0 on d1_0.dis_id_in=od1_0.dis_id_in where r1_0.res_id_in=?
Hibernate: select rt1_0.res_id_in,rt1_0.tab_id_in,rt2_0.tab_id_in,rt2_0.tab_cap_in,rt2_0.tab_pri_do,rt2_0.tab_status_in from reservation_table rt1_0 left join res_table rt2_0 on rt2_0.tab_id_in=rt1_0.tab_id_in where rt1_0.res_id_in=?
Hibernate: select rt1_0.tab_id_in,rt1_0.tab_cap_in,rt1_0.tab_pri_do,rt1_0.tab_status_in from res_table rt1_0 where rt1_0.tab_id_in=?
Payment deadline: 2024-09-29T21:58:05.500082 Current time: 2024-09-29T22:27:46.635625100
]]></system-out>
    <system-err><![CDATA[WARNING: A Java agent has been loaded dynamically (C:\Users\JAVIER\.m2\repository\net\bytebuddy\byte-buddy-agent\1.14.19\byte-buddy-agent-1.14.19.jar)
WARNING: If a serviceability tool is in use, please run with -XX:+EnableDynamicAgentLoading to hide this warning
WARNING: If a serviceability tool is not in use, please run with -Djdk.instrument.traceUsage for more information
WARNING: Dynamic loading of agents will be disallowed by default in a future release
]]></system-err>
  </testcase>
</testsuite>